<?xml version="1.0" encoding="UTF-8"?>
<!-- Generated by org.testng.reporters.JUnitXMLReporter -->
<testsuite hostname="DESKTOP-4HGCE0I" failures="0" tests="5" name="Surefire test" time="0.031" errors="0" timestamp="17 Sep 2022 06:45:34 GMT">
  <testcase classname="qaclickacademy.Framework.AppiumTest" name="IOSApps" time="0.014"/>
  <testcase classname="qaclickacademy.Framework.AppiumTest" name="NativeAppAndroid" time="0.0"/>
  <testcase classname="qaclickacademy.Framework.RestTest" name="postJira" time="0.0"/>
  <testcase classname="qaclickacademy.Framework.SeleniumTest" name="browserAutomation" time="0.0"/>
  <testcase classname="qaclickacademy.Framework.SeleniumTest" name="elements" time="0.0"/>
</testsuite> <!-- Surefire test -->
