<?xml version="1.0" encoding="UTF-8"?>
<!-- Generated by org.testng.reporters.JUnitXMLReporter -->
<testsuite ignored="0" hostname="DESKTOP-4HGCE0I" failures="0" tests="5" name="Default test" time="0.053" errors="0" timestamp="2022-09-16T23:46:07 PDT">
  <testcase classname="qaclickacademy.Framework.AppiumTest" name="IOSApps" time="0.007"/>
  <testcase classname="qaclickacademy.Framework.AppiumTest" name="NativeAppAndroid" time="0.002"/>
  <testcase classname="qaclickacademy.Framework.SeleniumTest" name="browserAutomation" time="0.001"/>
  <testcase classname="qaclickacademy.Framework.SeleniumTest" name="elements" time="0.001"/>
  <testcase classname="qaclickacademy.Framework.RestTest" name="postJira" time="0.002"/>
</testsuite> <!-- Default test -->
