<?xml version="1.0" encoding="UTF-8"?>
<testsuite xmlns:xsi="http://www.w3.org/2001/XMLSchema-instance" xsi:noNamespaceSchemaLocation="https://maven.apache.org/surefire/maven-surefire-plugin/xsd/surefire-test-report.xsd" name="TestSuite" time="0.392" tests="5" errors="0" skipped="0" failures="0">
  <properties>
[...]
</properties>
  <testcase name="IOSApps" classname="qaclickacademy.Framework.AppiumTest" time="0.027"/>
  <testcase name="NativeAppAndroid" classname="qaclickacademy.Framework.AppiumTest" time="0"/>
  <testcase name="postJira" classname="qaclickacademy.Framework.RestTest" time="0.001"/>
  <testcase name="browserAutomation" classname="qaclickacademy.Framework.SeleniumTest" time="0"/>
  <testcase name="elements" classname="qaclickacademy.Framework.SeleniumTest" time="0"/>
</testsuite>