<?xml version="1.0" encoding="UTF-8"?>
<testng-results total="5" passed="5" failed="0" skipped="0">
  <reporter-output>
  </reporter-output>
  <suite started-at="2022-09-17T06:45:34Z" name="Surefire suite" finished-at="2022-09-17T06:45:34Z" duration-ms="31">
    <groups>
    </groups>
    <test started-at="2022-09-17T06:45:34Z" name="Surefire test" finished-at="2022-09-17T06:45:34Z" duration-ms="31">
      <class name="qaclickacademy.Framework.AppiumTest">
        <test-method signature="IOSApps()[pri:0, instance:qaclickacademy.Framework.AppiumTest@515aebb0]" started-at="2022-09-16T23:45:34Z" name="IOSApps" finished-at="2022-09-16T23:45:34Z" duration-ms="14" status="PASS">
          <reporter-output>
          </reporter-output>
        </test-method> <!-- IOSApps -->
        <test-method signature="NativeAppAndroid()[pri:0, instance:qaclickacademy.Framework.AppiumTest@515aebb0]" started-at="2022-09-16T23:45:34Z" name="NativeAppAndroid" finished-at="2022-09-16T23:45:34Z" duration-ms="0" status="PASS">
          <reporter-output>
          </reporter-output>
        </test-method> <!-- NativeAppAndroid -->
      </class> <!-- qaclickacademy.Framework.AppiumTest -->
      <class name="qaclickacademy.Framework.SeleniumTest">
        <test-method signature="browserAutomation()[pri:0, instance:qaclickacademy.Framework.SeleniumTest@38c6f217]" started-at="2022-09-16T23:45:34Z" name="browserAutomation" finished-at="2022-09-16T23:45:34Z" duration-ms="0" status="PASS">
          <reporter-output>
          </reporter-output>
        </test-method> <!-- browserAutomation -->
        <test-method signature="elements()[pri:0, instance:qaclickacademy.Framework.SeleniumTest@38c6f217]" started-at="2022-09-16T23:45:34Z" name="elements" finished-at="2022-09-16T23:45:34Z" duration-ms="0" status="PASS">
          <reporter-output>
          </reporter-output>
        </test-method> <!-- elements -->
      </class> <!-- qaclickacademy.Framework.SeleniumTest -->
      <class name="qaclickacademy.Framework.RestTest">
        <test-method signature="postJira()[pri:0, instance:qaclickacademy.Framework.RestTest@478190fc]" started-at="2022-09-16T23:45:34Z" name="postJira" finished-at="2022-09-16T23:45:34Z" duration-ms="0" status="PASS">
          <reporter-output>
          </reporter-output>
        </test-method> <!-- postJira -->
      </class> <!-- qaclickacademy.Framework.RestTest -->
    </test> <!-- Surefire test -->
  </suite> <!-- Surefire suite -->
</testng-results>
