<?xml version="1.0" encoding="UTF-8"?>
<testng-results ignored="0" total="5" passed="5" failed="0" skipped="0">
  <reporter-output>
  </reporter-output>
  <suite started-at="2022-09-16T23:46:07 PDT" name="Default suite" finished-at="2022-09-16T23:46:07 PDT" duration-ms="53">
    <groups>
    </groups>
    <test started-at="2022-09-16T23:46:07 PDT" name="Default test" finished-at="2022-09-16T23:46:07 PDT" duration-ms="53">
      <class name="qaclickacademy.Framework.AppiumTest">
        <test-method signature="IOSApps()[pri:0, instance:qaclickacademy.Framework.AppiumTest@11392934]" started-at="2022-09-16T23:46:07 PDT" name="IOSApps" finished-at="2022-09-16T23:46:07 PDT" duration-ms="7" status="PASS">
          <reporter-output>
          </reporter-output>
        </test-method> <!-- IOSApps -->
        <test-method signature="NativeAppAndroid()[pri:0, instance:qaclickacademy.Framework.AppiumTest@11392934]" started-at="2022-09-16T23:46:07 PDT" name="NativeAppAndroid" finished-at="2022-09-16T23:46:07 PDT" duration-ms="2" status="PASS">
          <reporter-output>
          </reporter-output>
        </test-method> <!-- NativeAppAndroid -->
      </class> <!-- qaclickacademy.Framework.AppiumTest -->
      <class name="qaclickacademy.Framework.SeleniumTest">
        <test-method signature="browserAutomation()[pri:0, instance:qaclickacademy.Framework.SeleniumTest@76b1e9b8]" started-at="2022-09-16T23:46:07 PDT" name="browserAutomation" finished-at="2022-09-16T23:46:07 PDT" duration-ms="1" status="PASS">
          <reporter-output>
          </reporter-output>
        </test-method> <!-- browserAutomation -->
        <test-method signature="elements()[pri:0, instance:qaclickacademy.Framework.SeleniumTest@76b1e9b8]" started-at="2022-09-16T23:46:07 PDT" name="elements" finished-at="2022-09-16T23:46:07 PDT" duration-ms="1" status="PASS">
          <reporter-output>
          </reporter-output>
        </test-method> <!-- elements -->
      </class> <!-- qaclickacademy.Framework.SeleniumTest -->
      <class name="qaclickacademy.Framework.RestTest">
        <test-method signature="postJira()[pri:0, instance:qaclickacademy.Framework.RestTest@27406a17]" started-at="2022-09-16T23:46:07 PDT" name="postJira" finished-at="2022-09-16T23:46:07 PDT" duration-ms="2" status="PASS">
          <reporter-output>
          </reporter-output>
        </test-method> <!-- postJira -->
      </class> <!-- qaclickacademy.Framework.RestTest -->
    </test> <!-- Default test -->
  </suite> <!-- Default suite -->
</testng-results>
